2022-04-07 06:14:21 - INFO- o.s.b.a.SpringApplicationAdminMXBeanRegistrar$SpringApplicationAdmin - Application shutdown requested. 
2022-04-07 06:14:21 - INFO- o.s.o.j.LocalContainerEntityManagerFactoryBean - Closing JPA EntityManagerFactory for persistence unit 'default' 
2022-04-07 06:14:21 - INFO- com.zaxxer.hikari.HikariDataSource - HikariPool-1 - Shutdown initiated... 
2022-04-07 06:14:21 - INFO- com.zaxxer.hikari.HikariDataSource - HikariPool-1 - Shutdown completed. 
2022-04-07 06:15:11 - INFO- h.m.f.CoinsXspeedProjectApplication - Starting CoinsXspeedProjectApplication using Java 1.8.0_60 on HP-thetys-silver with PID 11332 (E:\PIDEV\coinsXspeed-pidev\target\classes started by thety in E:\PIDEV\coinsXspeed-pidev) 
2022-04-07 06:15:11 - INFO- h.m.f.CoinsXspeedProjectApplication - No active profile set, falling back to default profiles: default 
2022-04-07 06:15:11 - INFO- o.s.b.d.e.DevToolsPropertyDefaultsPostProcessor - Devtools property defaults active! Set 'spring.devtools.add-properties' to 'false' to disable 
2022-04-07 06:15:11 - INFO- o.s.b.d.e.DevToolsPropertyDefaultsPostProcessor - For additional web related logging consider setting the 'logging.level.web' property to 'DEBUG' 
2022-04-07 06:15:12 - INFO- o.s.d.r.c.RepositoryConfigurationDelegate - Bootstrapping Spring Data JPA repositories in DEFAULT mode. 
2022-04-07 06:15:12 - INFO- o.s.d.r.c.RepositoryConfigurationDelegate - Finished Spring Data repository scanning in 66 ms. Found 9 JPA repository interfaces. 
2022-04-07 06:15:13 - INFO- o.s.b.w.e.tomcat.TomcatWebServer - Tomcat initialized with port(s): 8081 (http) 
2022-04-07 06:15:13 - INFO- o.a.catalina.core.StandardService - Starting service [Tomcat] 
2022-04-07 06:15:13 - INFO- o.a.catalina.core.StandardEngine - Starting Servlet engine: [Apache Tomcat/9.0.56] 
2022-04-07 06:15:13 - INFO- o.a.c.c.C.[.[.[/Coinsxspeed] - Initializing Spring embedded WebApplicationContext 
2022-04-07 06:15:13 - INFO- o.s.b.w.s.c.ServletWebServerApplicationContext - Root WebApplicationContext: initialization completed in 1288 ms 
2022-04-07 06:15:13 - INFO- o.h.jpa.internal.util.LogHelper - HHH000204: Processing PersistenceUnitInfo [name: default] 
2022-04-07 06:15:13 - INFO- org.hibernate.Version - HHH000412: Hibernate ORM core version 5.6.4.Final 
2022-04-07 06:15:13 - INFO- o.h.annotations.common.Version - HCANN000001: Hibernate Commons Annotations {5.1.2.Final} 
2022-04-07 06:15:13 - INFO- com.zaxxer.hikari.HikariDataSource - HikariPool-1 - Starting... 
2022-04-07 06:15:13 - INFO- com.zaxxer.hikari.HikariDataSource - HikariPool-1 - Start completed. 
2022-04-07 06:15:13 - INFO- org.hibernate.dialect.Dialect - HHH000400: Using dialect: org.hibernate.dialect.MySQL5Dialect 
2022-04-07 06:15:14 - INFO- o.h.e.t.j.p.i.JtaPlatformInitiator - HHH000490: Using JtaPlatform implementation: [org.hibernate.engine.transaction.jta.platform.internal.NoJtaPlatform] 
2022-04-07 06:15:14 - INFO- o.s.o.j.LocalContainerEntityManagerFactoryBean - Initialized JPA EntityManagerFactory for persistence unit 'default' 
2022-04-07 06:15:14 - WARN- o.s.b.a.o.j.JpaBaseConfiguration$JpaWebConfiguration - spring.jpa.open-in-view is enabled by default. Therefore, database queries may be performed during view rendering. Explicitly configure spring.jpa.open-in-view to disable this warning 
2022-04-07 06:15:15 - INFO- o.s.s.web.DefaultSecurityFilterChain - Will secure any request with [org.springframework.security.web.context.request.async.WebAsyncManagerIntegrationFilter@55b080be, org.springframework.security.web.context.SecurityContextPersistenceFilter@276ae87f, org.springframework.security.web.header.HeaderWriterFilter@13947ebf, org.springframework.security.web.authentication.logout.LogoutFilter@5739ad53, org.springframework.security.web.savedrequest.RequestCacheAwareFilter@52bf999b, org.springframework.security.web.servletapi.SecurityContextHolderAwareRequestFilter@7fe29acb, org.springframework.security.web.authentication.AnonymousAuthenticationFilter@21162d81, org.springframework.security.web.session.SessionManagementFilter@74f0713a, org.springframework.security.web.access.ExceptionTranslationFilter@6918c38f, org.springframework.security.web.access.intercept.FilterSecurityInterceptor@444c04da] 
2022-04-07 06:15:16 - INFO- o.s.b.d.a.OptionalLiveReloadServer - LiveReload server is running on port 35729 
2022-04-07 06:15:16 - INFO- o.s.b.w.e.tomcat.TomcatWebServer - Tomcat started on port(s): 8081 (http) with context path '/Coinsxspeed' 
2022-04-07 06:15:16 - INFO- h.m.f.CoinsXspeedProjectApplication - Started CoinsXspeedProjectApplication in 4.597 seconds (JVM running for 5.243) 
2022-04-07 06:20:28 - INFO- o.s.b.a.SpringApplicationAdminMXBeanRegistrar$SpringApplicationAdmin - Application shutdown requested. 
2022-04-07 06:20:28 - INFO- o.s.o.j.LocalContainerEntityManagerFactoryBean - Closing JPA EntityManagerFactory for persistence unit 'default' 
2022-04-07 06:20:28 - INFO- com.zaxxer.hikari.HikariDataSource - HikariPool-1 - Shutdown initiated... 
2022-04-07 06:20:28 - INFO- com.zaxxer.hikari.HikariDataSource - HikariPool-1 - Shutdown completed. 
